<?xml version="1.0" encoding="UTF-8"?>
<testng-results ignored="0" total="1" passed="1" failed="0" skipped="0">
  <reporter-output>
  </reporter-output>
  <suite started-at="2019-08-07T03:48:01Z" name="Default suite" finished-at="2019-08-07T03:48:58Z" duration-ms="57079">
    <groups>
    </groups>
    <test started-at="2019-08-07T03:48:01Z" name="Default test" finished-at="2019-08-07T03:48:58Z" duration-ms="57079">
      <class name="testing.Testing">
        <test-method is-config="true" signature="openBrowser()[pri:0, instance:testing.Testing@1a760689]" started-at="2019-08-07T03:48:01Z" name="openBrowser" finished-at="2019-08-07T03:48:04Z" duration-ms="2164" status="PASS">
          <reporter-output>
          </reporter-output>
        </test-method> <!-- openBrowser -->
        <test-method signature="goToOnepiece()[pri:0, instance:testing.Testing@1a760689]" started-at="2019-08-07T03:48:04Z" name="goToOnepiece" finished-at="2019-08-07T03:48:58Z" duration-ms="54848" status="PASS">
          <reporter-output>
          </reporter-output>
        </test-method> <!-- goToOnepiece -->
      </class> <!-- testing.Testing -->
    </test> <!-- Default test -->
  </suite> <!-- Default suite -->
</testng-results>
